<?xml version="1.0" encoding="UTF-8"?>
<!-- Generated by org.testng.reporters.JUnitXMLReporter -->
<testsuite ignored="0" hostname="DESKTOP-IFQIPFT" failures="0" tests="6" name="Default test" time="448.537" errors="0" timestamp="2022-10-20T17:09:53 IST">
  <testcase classname="com.aadhar.MAadharAppApplicationTestsCode" name="testing" time="23.236"/>
  <testcase classname="com.aadhar.MAadharAppApplicationTestsCode" name="signup" time="30.942"/>
  <testcase classname="com.aadhar.MAadharAppApplicationTestsCode" name="signin" time="21.71"/>
  <testcase classname="com.aadhar.MAadharAppApplicationTestsCode" name="adminhome" time="18.539"/>
  <testcase classname="com.aadhar.MAadharAppApplicationTestsCode" name="userhome" time="76.491"/>
  <testcase classname="com.aadhar.MAadharAppApplicationTestsCode" name="loadusers" time="24.294"/>
</testsuite> <!-- Default test -->
